#
# There is insufficient memory for the Java Runtime Environment to continue.
# Native memory allocation (mmap) failed to map 134217728 bytes for Failed to commit area from 0x0000000081c00000 to 0x0000000089c00000 of length 134217728.
# Possible reasons:
#   The system is out of physical RAM or swap space
#   The process is running with CompressedOops enabled, and the Java Heap may be blocking the growth of the native heap
# Possible solutions:
#   Reduce memory load on the system
#   Increase physical memory or swap space
#   Check if swap backing store is full
#   Decrease Java heap size (-Xmx/-Xms)
#   Decrease number of Java threads
#   Decrease Java thread stack sizes (-Xss)
#   Set larger code cache with -XX:ReservedCodeCacheSize=
# This output file may be truncated or incomplete.
#
#  Out of Memory Error (t:/workspace/open/src/hotspot/os/windows/os_windows.cpp:3254), pid=19368, tid=19204
#
# JRE version:  (12.0.1+12) (build )
# Java VM: Java HotSpot(TM) 64-Bit Server VM (12.0.1+12, mixed mode, aot, sharing, tiered, compressed oops, g1 gc, windows-amd64)
# No core dump will be written. Minidumps are not enabled by default on client versions of Windows
#

---------------  S U M M A R Y ------------

Command Line: -Dfile.encoding=GBK cn.edu.zucc.takeaway.PersonPlanStarter

Host: Intel(R) Core(TM) i5-7200U CPU @ 2.50GHz, 4 cores, 7G,  Windows 10 , 64 bit Build 18362 (10.0.18362.900)
Time: Sat Jul  4 11:02:13 2020 ?D1®≤°¿®∫°¡?®∫°¿?? elapsed time: 0 seconds (0d 0h 0m 0s)

---------------  T H R E A D  ---------------

Current thread (0x000001f0a8536800):  JavaThread "Unknown thread" [_thread_in_vm, id=19204, stack(0x00000022ab600000,0x00000022ab700000)]

Stack: [0x00000022ab600000,0x00000022ab700000]
Native frames: (J=compiled Java code, j=interpreted, Vv=VM code, C=native code)
V  [jvm.dll+0x63948a]
V  [jvm.dll+0x78b31f]
V  [jvm.dll+0x78c9c1]
V  [jvm.dll+0x78d013]
V  [jvm.dll+0x262138]
V  [jvm.dll+0x63698a]
V  [jvm.dll+0x62b505]
V  [jvm.dll+0x31d9bc]
V  [jvm.dll+0x31d7ef]
V  [jvm.dll+0x323526]
V  [jvm.dll+0x370f76]
V  [jvm.dll+0x370750]
V  [jvm.dll+0x2f786a]
V  [jvm.dll+0x2f8af2]
V  [jvm.dll+0x7657b7]
V  [jvm.dll+0x766e95]
V  [jvm.dll+0x37f089]
V  [jvm.dll+0x749b14]
V  [jvm.dll+0x3ee48d]
V  [jvm.dll+0x3f03c1]
C  [jli.dll+0x51cf]
C  [ucrtbase.dll+0x20e82]
C  [KERNEL32.DLL+0x17bd4]
C  [ntdll.dll+0x6ce51]


---------------  P R O C E S S  ---------------

Threads class SMR info:
_java_thread_list=0x00007ff8845e48e8, length=0, elements={
}

Java Threads: ( => current thread )

Other Threads:
  0x000001f0a8575800 GCTaskThread "GC Thread#0" [stack: 0x00000022ab700000,0x00000022ab800000] [id=4164]
  0x000001f0a8583800 ConcurrentGCThread "G1 Main Marker" [stack: 0x00000022ab800000,0x00000022ab900000] [id=21728]
  0x000001f0a8588800 ConcurrentGCThread "G1 Conc#0" [stack: 0x00000022ab900000,0x00000022aba00000] [id=20564]

[error occurred during error reporting (printing all threads), id 0xc0000005, EXCEPTION_ACCESS_VIOLATION (0xc0000005) at pc=0x00007ff883e17a37]

VM state:not at safepoint (not fully initialized)

VM Mutex/Monitor currently owned by a thread:  ([mutex/lock_event])
[0x000001f0a8533180] Heap_lock - owner thread: 0x000001f0a8536800

Heap address: 0x0000000081c00000, size: 2020 MB, Compressed Oops mode: Non-zero based: 0x0000000081c00000
Narrow klass base: 0x0000000000000000, Narrow klass shift: 0

GC Heap History (0 events):
No events

Deoptimization events (0 events):
No events

Classes redefined (0 events):
No events

Internal exceptions (0 events):
No events

Events (0 events):
No events


Dynamic libraries:
0x00007ff764820000 - 0x00007ff76482f000 	C:\Program Files\Java\jdk-12.0.1\bin\javaw.exe
0x00007ff8cb460000 - 0x00007ff8cb650000 	C:\WINDOWS\SYSTEM32\ntdll.dll
0x00007ff8c95d0000 - 0x00007ff8c9682000 	C:\WINDOWS\System32\KERNEL32.DLL
0x00007ff8c8fb0000 - 0x00007ff8c9254000 	C:\WINDOWS\System32\KERNELBASE.dll
0x00007ff8c83f0000 - 0x00007ff8c84ea000 	C:\WINDOWS\System32\ucrtbase.dll
0x00007ff8c6760000 - 0x00007ff8c6778000 	C:\Program Files\Java\jdk-12.0.1\bin\jli.dll
0x00007ff8c9520000 - 0x00007ff8c95c3000 	C:\WINDOWS\System32\ADVAPI32.dll
0x00007ff8ca8d0000 - 0x00007ff8ca96e000 	C:\WINDOWS\System32\msvcrt.dll
0x00007ff8caf30000 - 0x00007ff8cafc7000 	C:\WINDOWS\System32\sechost.dll
0x00007ff8caa00000 - 0x00007ff8cab20000 	C:\WINDOWS\System32\RPCRT4.dll
0x00007ff8cafd0000 - 0x00007ff8cb164000 	C:\WINDOWS\System32\USER32.dll
0x00007ff8c92f0000 - 0x00007ff8c9311000 	C:\WINDOWS\System32\win32u.dll
0x00007ff8c6740000 - 0x00007ff8c6756000 	C:\Program Files\Java\jdk-12.0.1\bin\VCRUNTIME140.dll
0x00007ff8caf00000 - 0x00007ff8caf26000 	C:\WINDOWS\System32\GDI32.dll
0x00007ff8c84f0000 - 0x00007ff8c8685000 	C:\WINDOWS\System32\gdi32full.dll
0x00007ff8c9320000 - 0x00007ff8c93be000 	C:\WINDOWS\System32\msvcp_win.dll
0x00007ff8c77c0000 - 0x00007ff8c7a44000 	C:\WINDOWS\WinSxS\amd64_microsoft.windows.common-controls_6595b64144ccf1df_6.0.18362.900_none_e6beb9d913147d17\COMCTL32.dll
0x00007ff8cab20000 - 0x00007ff8cae55000 	C:\WINDOWS\System32\combase.dll
0x00007ff8c9490000 - 0x00007ff8c9510000 	C:\WINDOWS\System32\bcryptPrimitives.dll
0x00007ff8c3520000 - 0x00007ff8c352a000 	C:\WINDOWS\SYSTEM32\VERSION.dll
0x00007ff8caed0000 - 0x00007ff8caefe000 	C:\WINDOWS\System32\IMM32.DLL
0x00007ff8a7aa0000 - 0x00007ff8a7b4a000 	C:\Program Files\Java\jdk-12.0.1\bin\msvcp140.dll
0x00007ff883b10000 - 0x00007ff884684000 	C:\Program Files\Java\jdk-12.0.1\bin\server\jvm.dll
0x00007ff8c9c80000 - 0x00007ff8c9c88000 	C:\WINDOWS\System32\PSAPI.DLL
0x00007ff8c6140000 - 0x00007ff8c6149000 	C:\WINDOWS\SYSTEM32\WSOCK32.dll
0x00007ff8cae60000 - 0x00007ff8caecf000 	C:\WINDOWS\System32\WS2_32.dll
0x00007ff8c0ec0000 - 0x00007ff8c0ee4000 	C:\WINDOWS\SYSTEM32\WINMM.dll
0x00007ff8c0e90000 - 0x00007ff8c0ebd000 	C:\WINDOWS\SYSTEM32\WINMMBASE.dll
0x00007ff8c8f60000 - 0x00007ff8c8faa000 	C:\WINDOWS\System32\cfgmgr32.dll
0x00007ff8c8380000 - 0x00007ff8c8391000 	C:\WINDOWS\System32\kernel.appcore.dll
0x00007ff8c6380000 - 0x00007ff8c6391000 	C:\Program Files\Java\jdk-12.0.1\bin\verify.dll
0x00007ff8c7ca0000 - 0x00007ff8c7e94000 	C:\WINDOWS\SYSTEM32\DBGHELP.DLL
0x00007ff8c7bb0000 - 0x00007ff8c7bda000 	C:\WINDOWS\SYSTEM32\dbgcore.DLL
0x00007ff8c6350000 - 0x00007ff8c6376000 	C:\Program Files\Java\jdk-12.0.1\bin\java.dll
0x00007ff8c6330000 - 0x00007ff8c6347000 	C:\Program Files\Java\jdk-12.0.1\bin\zip.dll
0x00007ff8c6320000 - 0x00007ff8c632a000 	C:\Program Files\Java\jdk-12.0.1\bin\jimage.dll

dbghelp: loaded successfully - version: 4.0.5 - missing functions: none
symbol engine: initialized successfully - sym options: 0x614 - pdb path: .;C:\Program Files\Java\jdk-12.0.1\bin;C:\WINDOWS\SYSTEM32;C:\WINDOWS\WinSxS\amd64_microsoft.windows.common-controls_6595b64144ccf1df_6.0.18362.900_none_e6beb9d913147d17;C:\Program Files\Java\jdk-12.0.1\bin\server

VM Arguments:
jvm_args: -Dfile.encoding=GBK 
java_command: cn.edu.zucc.takeaway.PersonPlanStarter
java_class_path (initial): C:\Users\asus\eclipse-workspace\takeaway\bin;C:\Users\asus\Desktop\dxq\lib\antlr-2.7.7.jar;C:\Users\asus\Desktop\dxq\lib\classmate-1.3.0.jar;C:\Users\asus\Desktop\dxq\lib\dom4j-1.6.1.jar;C:\Users\asus\Desktop\dxq\lib\hibernate-commons-annotations-5.0.1.Final.jar;C:\Users\asus\Desktop\dxq\lib\hibernate-core-5.2.16.Final.jar;C:\Users\asus\Desktop\dxq\lib\hibernate-jpa-2.1-api-1.0.0.Final.jar;C:\Users\asus\Desktop\dxq\lib\jandex-2.0.3.Final.jar;C:\Users\asus\Desktop\dxq\lib\javassist-3.22.0-GA.jar;C:\Users\asus\Desktop\dxq\lib\jboss-logging-3.3.1.Final.jar;C:\Users\asus\Desktop\dxq\lib\jboss-transaction-api_1.2_spec-1.0.1.Final.jar;C:\Users\asus\Desktop\dxq\lib\mysql-connector-java-5.1.38.jar
Launcher Type: SUN_STANDARD

[Global flags]
     intx CICompilerCount                          = 3                                         {product} {ergonomic}
     uint ConcGCThreads                            = 1                                         {product} {ergonomic}
     uint G1ConcRefinementThreads                  = 4                                         {product} {ergonomic}
   size_t G1HeapRegionSize                         = 1048576                                   {product} {ergonomic}
    uintx GCDrainStackTargetSize                   = 64                                        {product} {ergonomic}
   size_t InitialHeapSize                          = 134217728                                 {product} {ergonomic}
   size_t MarkStackSize                            = 4194304                                   {product} {ergonomic}
   size_t MaxHeapSize                              = 2118123520                                {product} {ergonomic}
   size_t MinHeapDeltaBytes                        = 1048576                                   {product} {ergonomic}
    uintx NonNMethodCodeHeapSize                   = 5830732                                {pd product} {ergonomic}
    uintx NonProfiledCodeHeapSize                  = 122913754                              {pd product} {ergonomic}
    uintx ProfiledCodeHeapSize                     = 122913754                              {pd product} {ergonomic}
    uintx ReservedCodeCacheSize                    = 251658240                              {pd product} {ergonomic}
     bool SegmentedCodeCache                       = true                                      {product} {ergonomic}
     bool UseCompressedClassPointers               = true                                 {lp64_product} {ergonomic}
     bool UseCompressedOops                        = true                                 {lp64_product} {ergonomic}
     bool UseG1GC                                  = true                                      {product} {ergonomic}
     bool UseLargePagesIndividualAllocation        = false                                  {pd product} {ergonomic}

Logging:
Log output configuration:
 #0: stdout all=warning uptime,level,tags
 #1: stderr all=off uptime,level,tags

Environment Variables:
PATH=C:/Program Files/Java/jdk-12.0.1/bin/server;C:/Program Files/Java/jdk-12.0.1/bin;C:\Python27\;C:\Python27\Scripts;C:\Program Files\Java\jdk-12.0.1\bin;C:\Program Files (x86)\Intel\iCLS Client\;C:\Program Files\Intel\iCLS Client\;C:\WINDOWS\system32;C:\WINDOWS;C:\WINDOWS\System32\Wbem;C:\WINDOWS\System32\WindowsPowerShell\v1.0\;C:\Program Files (x86)\Intel\Intel(R) Management Engine Components\DAL;C:\Program Files\Intel\Intel(R) Management Engine Components\DAL;C:\Program Files (x86)\Intel\Intel(R) Management Engine Components\IPT;C:\Program Files\Intel\Intel(R) Management Engine Components\IPT;C:\WINDOWS\System32\OpenSSH\;C:\Program Files\dotnet\;C:\Program Files\nodejs\;C:\Users\asus\AppData\Local\Programs\Python\Python37\Scripts\;C:\Users\asus\AppData\Local\Programs\Python\Python37\;D:\Scripts\;D:\;C:\Users\asus\AppData\Local\Microsoft\WindowsApps;C:\Users\asus\AppData\Local\Programs\Microsoft VS Code\bin;C:\Users\asus\AppData\Local\Programs\Python\Python37\python.exe;C:\Users\asus\AppData\Local\Programs\Python\Python37\Scripts;C:\Users\asus\AppData\Roaming\npm;C:\Users\asus\AppData\Local\GitHubDesktop\bin;C:\Users\asus\Desktop\‘”∆ﬂ‘”∞À\eclipse;
USERNAME=asus
OS=Windows_NT
PROCESSOR_IDENTIFIER=Intel64 Family 6 Model 142 Stepping 9, GenuineIntel



---------------  S Y S T E M  ---------------

OS: Windows 10 , 64 bit Build 18362 (10.0.18362.900)

CPU:total 4 (initial active 4) (2 cores per cpu, 2 threads per core) family 6 model 142 stepping 9, cmov, cx8, fxsr, mmx, sse, sse2, sse3, ssse3, sse4.1, sse4.2, popcnt, avx, avx2, aes, clmul, erms, 3dnowpref, lzcnt, ht, tsc, tscinvbit, bmi1, bmi2, adx, fma

Memory: 4k page, system-wide physical 8073M (1843M free)
TotalPageFile size 23657M (AvailPageFile size 43M)
current process WorkingSet (physical memory assigned to process): 10M, peak: 10M
current process commit charge ("private bytes"): 51M, peak: 179M

vm_info: Java HotSpot(TM) 64-Bit Server VM (12.0.1+12) for windows-amd64 JRE (12.0.1+12), built on Apr  2 2019 14:02:19 by "mach5one" with MS VC++ 15.5 (VS2017)

END.
